==================================================
DATE/TIME: Sun 06/21/2026 03:15 AM
TO: sayyedabeer@gmail.com
SUBJECT: New Notification | LebEstates
BODY:

            <html>
                <body style="font-family: Arial, sans-serif; line-height: 1.6; color: #333333;">
                    <div style="max-width: 600px; margin: 0 auto; padding: 20px; border: 1px solid #dddddd; border-radius: 8px;">
                        <h2 style="color: #0d1b2a;">LebEstates Notification</h2>
                        <p>Hello abeer,</p>
                        <p>Your consultation request for 'listing' has been submitted. Our team will coordinate with you shortly.</p>
                        <p><a href="http://localhost:5000/dashboard" style="display: inline-block; background-color: #ffd65b; color: #0d1b2a; padding: 10px 20px; text-decoration: none; font-weight: bold; border-radius: 5px;">View Action</a></p>
                        <hr style="border: 0; border-top: 1px solid #eeeeee; margin: 20px 0;">
                        <p style="font-size: 12px; color: #777777;">This is an automated email from LebEstates. Please do not reply directly to this message.</p>
                    </div>
                </body>
            </html>
            
==================================================

==================================================
DATE/TIME: Sun 06/21/2026 03:15 AM
TO: admin@lebestates.com
SUBJECT: New Notification | LebEstates
BODY:

            <html>
                <body style="font-family: Arial, sans-serif; line-height: 1.6; color: #333333;">
                    <div style="max-width: 600px; margin: 0 auto; padding: 20px; border: 1px solid #dddddd; border-radius: 8px;">
                        <h2 style="color: #0d1b2a;">LebEstates Notification</h2>
                        <p>Hello Admin User,</p>
                        <p>New consultation request for 'listing' submitted by customer abeer.</p>
                        <p><a href="http://localhost:5000/control-panel" style="display: inline-block; background-color: #ffd65b; color: #0d1b2a; padding: 10px 20px; text-decoration: none; font-weight: bold; border-radius: 5px;">View Action</a></p>
                        <hr style="border: 0; border-top: 1px solid #eeeeee; margin: 20px 0;">
                        <p style="font-size: 12px; color: #777777;">This is an automated email from LebEstates. Please do not reply directly to this message.</p>
                    </div>
                </body>
            </html>
            
==================================================

==================================================
DATE/TIME: Sun 06/21/2026 03:15 AM
TO: agent.marcelle@lebestates.com
SUBJECT: New Notification | LebEstates
BODY:

            <html>
                <body style="font-family: Arial, sans-serif; line-height: 1.6; color: #333333;">
                    <div style="max-width: 600px; margin: 0 auto; padding: 20px; border: 1px solid #dddddd; border-radius: 8px;">
                        <h2 style="color: #0d1b2a;">LebEstates Notification</h2>
                        <p>Hello Marcelle T.,</p>
                        <p>New consultation request for 'listing' submitted by customer abeer.</p>
                        <p><a href="http://localhost:5000/control-panel" style="display: inline-block; background-color: #ffd65b; color: #0d1b2a; padding: 10px 20px; text-decoration: none; font-weight: bold; border-radius: 5px;">View Action</a></p>
                        <hr style="border: 0; border-top: 1px solid #eeeeee; margin: 20px 0;">
                        <p style="font-size: 12px; color: #777777;">This is an automated email from LebEstates. Please do not reply directly to this message.</p>
                    </div>
                </body>
            </html>
            
==================================================

==================================================
DATE/TIME: Sun 06/21/2026 03:15 AM
TO: timayounes@gmail.com
SUBJECT: New Notification | LebEstates
BODY:

            <html>
                <body style="font-family: Arial, sans-serif; line-height: 1.6; color: #333333;">
                    <div style="max-width: 600px; margin: 0 auto; padding: 20px; border: 1px solid #dddddd; border-radius: 8px;">
                        <h2 style="color: #0d1b2a;">LebEstates Notification</h2>
                        <p>Hello Fatima Mohammad,</p>
                        <p>New consultation request for 'listing' submitted by customer abeer.</p>
                        <p><a href="http://localhost:5000/control-panel" style="display: inline-block; background-color: #ffd65b; color: #0d1b2a; padding: 10px 20px; text-decoration: none; font-weight: bold; border-radius: 5px;">View Action</a></p>
                        <hr style="border: 0; border-top: 1px solid #eeeeee; margin: 20px 0;">
                        <p style="font-size: 12px; color: #777777;">This is an automated email from LebEstates. Please do not reply directly to this message.</p>
                    </div>
                </body>
            </html>
            
==================================================

==================================================
DATE/TIME: Sun 06/21/2026 03:16 AM
TO: sayyedabeer@gmail.com
SUBJECT: New Notification | LebEstates
BODY:

            <html>
                <body style="font-family: Arial, sans-serif; line-height: 1.6; color: #333333;">
                    <div style="max-width: 600px; margin: 0 auto; padding: 20px; border: 1px solid #dddddd; border-radius: 8px;">
                        <h2 style="color: #0d1b2a;">LebEstates Notification</h2>
                        <p>Hello abeer,</p>
                        <p>Your consultation request 'listing' status has been updated to: Scheduled.</p>
                        <p><a href="http://localhost:5000/dashboard" style="display: inline-block; background-color: #ffd65b; color: #0d1b2a; padding: 10px 20px; text-decoration: none; font-weight: bold; border-radius: 5px;">View Action</a></p>
                        <hr style="border: 0; border-top: 1px solid #eeeeee; margin: 20px 0;">
                        <p style="font-size: 12px; color: #777777;">This is an automated email from LebEstates. Please do not reply directly to this message.</p>
                    </div>
                </body>
            </html>
            
==================================================

